iMPACT Version: 14.7

iMPACT log file Started on Thu Sep 29 11:12:54 2016

Welcome to iMPACT
iMPACT Version: 14.7
// *** BATCH CMD : setMode -pff
// *** BATCH CMD : addConfigDevice  -name "aes_new_gen" -path"D:\github_project\chipwhisperer_scrip\hardware\victims\sakurag\sakura-g_main_lx75\sakura-g_main"
// *** BATCH CMD : setSubmode -pffspi
// *** BATCH CMD : setAttribute -configdevice -attr multibootBpiType -value ""
// *** BATCH CMD : addDesign -version 0 -name "0"
// *** BATCH CMD : setMode -pff
// *** BATCH CMD : addDeviceChain -index 0
// *** BATCH CMD : setMode -pff
// *** BATCH CMD : addDeviceChain -index 0
Override chain at index 0.
Overriding chain at index 0.
// *** BATCH CMD : setAttribute -configdevice -attr compressed -value "FALSE"
// *** BATCH CMD : setAttribute -configdevice -attr autoSize -value "FALSE"
// *** BATCH CMD : setAttribute -configdevice -attr fileFormat -value "mcs"
// *** BATCH CMD : setAttribute -configdevice -attr fillValue -value "FF"
// *** BATCH CMD : setAttribute -configdevice -attr swapBit -value "FALSE"
// *** BATCH CMD : setAttribute -configdevice -attr dir -value "UP"
// *** BATCH CMD : setAttribute -configdevice -attr multiboot -value "FALSE"
// *** BATCH CMD : setAttribute -configdevice -attr spiSelected -value "TRUE"
// *** BATCH CMD : addPromDevice -p 1 -size 4096 -name 4M
'1': Added Device 4M successfully.
----------------------------------------------------------------------
// *** BATCH CMD : setMode -pff
// *** BATCH CMD : addDeviceChain -index 0
Override chain at index 0.
Overriding chain at index 0.
// *** BATCH CMD : setMode -pff
// *** BATCH CMD : addDeviceChain -index 0
Override chain at index 0.
Overriding chain at index 0.
// *** BATCH CMD : setSubmode -pffspi
// *** BATCH CMD : setMode -pff
------------------------  GUI: Wizard Data Report  ---------------------------
      Compression : false
      Fill Value : FF
      Output Format : mcs
      Swap Bits : false
      LoadDirection : UP
      PROM Basename : aes_new_gen
      File Location :D:\github_project\chipwhisperer_scrip\hardware\victims\sakurag\sakura-g_main_lx75\sakura-g_main/
      Auto Select : false
      Number of Revisions : 1
      Number of PROMs : 1
      PROM Name : 4M   PROM Size : 4194304 bits
-------------------------- END of Report ----------------------------
// *** BATCH CMD : setAttribute -design -attr name -value "0000"
// *** BATCH CMD : addDevice -p 1 -file"D:/github_project/chipwhisperer_scrip/hardware/victims/sakurag/sakura-g_main_lx75/sakura-g_main/chip_sakura_g_aes.bit"
'1': Loading file'D:/github_project/chipwhisperer_scrip/hardware/victims/sakurag/sakura-g_main_lx75/sakura-g_main/chip_sakura_g_aes.bit' ...
INFO:iMPACT - Elapsed time =      1 sec.
done.
INFO:iMPACT:501 - '1': Added Device xc6slx75 successfully.
----------------------------------------------------------------------
Add one device.25704fINFO:iMPACT - Current time: 2016/9/29 ¤W¤È 11:13:45
// *** BATCH CMD : setMode -pff
// *** BATCH CMD : setSubmode -pffspi
Total configuration bit size = 19624736  bits.
Total configuration byte size = 2453092 bytes.
// *** BATCH CMD : generate
0x256e64 (2453092) bytes loaded up from 0x0
Using user-specified prom size of 4096K
Writing file"D:\github_project\chipwhisperer_scrip\hardware\victims\sakurag\sakura-g_main_lx75\sakura-g_main\aes_new_gen.mcs".
Writing file"D:\github_project\chipwhisperer_scrip\hardware\victims\sakurag\sakura-g_main_lx75\sakura-g_main\aes_new_gen.prm".
Writing file"D:\github_project\chipwhisperer_scrip\hardware\victims\sakurag\sakura-g_main_lx75\sakura-g_main\aes_new_gen.cfi".
// *** BATCH CMD : setCurrentDesign -version 0
// *** BATCH CMD : setMode -pff
INFO:iMPACT - Launching WebTalk, please refer to the webtalk log at   D:\github_project\chipwhisperer_scrip\hardware\victims\sakurag\sakura-g_main_   lx75\sakura-g_main/webtalk.log for details.
INFO:iMPACT - Running wbtc successfully.
// *** BATCH CMD : setMode -bs
// *** BATCH CMD : setMode -ss
// *** BATCH CMD : setMode -sm
// *** BATCH CMD : setMode -hw140
// *** BATCH CMD : setMode -spi
// *** BATCH CMD : setMode -acecf
// *** BATCH CMD : setMode -acempm
// *** BATCH CMD : setMode -pff
// *** BATCH CMD : deletePromDevice -position 1
// *** BATCH CMD : setCurrentDesign -version 0
// *** BATCH CMD : deleteDevice -position 1
// *** BATCH CMD : deleteDesign -version 0
// *** BATCH CMD : setCurrentDesign -version -1
