iMPACT Version: Oct 13 2013 10:22:21

iMPACT log file Started on Thu Sep 29 11:11:13 2016

Preference Table
Name                 Setting             
StartupClock         Auto_Correction     
AutoSignature        False               
KeepSVF              False               
ConcurrentMode       False               
UseHighz             False               
ConfigOnFailure      Stop                
UserLevel            Novice              
MessageLevel         Detailed            
svfUseTime           false               
SpiByteSwap          Auto_Correction     
AutoInfer            false               
SvfPlayDisplayComments false               
Enumerating cables. Please wait.
Connecting to cable (Usb Port - USB21).
Checking cable driver.
 Driver file xusb_xlp.sys found.
 Driver version: src=1029, dest=1029.
 Driver windrvr6.sys version = 10.2.1.0. WinDriver v10.21 Jungo (c) 1997 - 2010 Build Date: Aug 31 2010 x86_64 64bit SYS14:14:44, version = 1021.
ERROR:iMPACT - Cable not found, ESN: 00001267744D01
INFO:iMPACT - Failed to open file: -- File ? --, replace with 'bypass'.
INFO:iMPACT:1777 - 
   Reading D:/Verdi_2013/14.7/ISE_DS/ISE/spartan6/data/xc6slx75.bsd...
INFO:iMPACT:501 - '1': Added Device xc6slx75 successfully.
----------------------------------------------------------------------
----------------------------------------------------------------------
INFO:iMPACT:1525 - File   C:/Users/a-sasaki/Documents/proj/sakura-g/fpga/aes/sakura-g_aes_r1/sakura-g_m   ain_lx75/sakura-g_main/Untitled.mcs can not be found.
INFO:iMPACT - Failed to assign file to spi flash device.
'1': Loading file'D:\github_project\chipwhisperer_scrip\hardware\victims\sakurag\sakura-g_main_lx75\sakura-g_main\chip_sakura_g_aes.bit' ...
INFO:iMPACT - Elapsed time =      1 sec.
done.
INFO:iMPACT:501 - '1': Added Device xc6slx75 successfully.
----------------------------------------------------------------------
----------------------------------------------------------------------
'1': Added Device 4M successfully.
----------------------------------------------------------------------
Active mode is BS
ERROR:iMPACT - This function requires that a target is opened first.
0x256e64 (2453092) bytes loaded up from 0x0
Using user-specified prom size of 4096K
Writing file"C:\Users\a-sasaki\Documents\proj\sakura-g\fpga\aes\sakura-g_aes_r1\sakura-g_main_lx75\sakura-g_main\Untitled.mcs".
ERROR:Bitstream:38 - Unable to open file   "C:\Users\a-sasaki\Documents\proj\sakura-g\fpga\aes\sakura-g_aes_r1\sakura-g_   main_lx75\sakura-g_main\Untitled.mcs".  Either the specified directory path   does not exist or the file does not have readable permissions.
