INFO:sim:172 - Generating IP...
Applying current project options...
Finished applying current project options.
Resolving generics for 'syncfifo_8x31'...
WARNING:sim - A core named 'syncfifo_8x31' already exists in the project. Output
   products for this core may be overwritten.
Applying external generics to 'syncfifo_8x31'...
Delivering associated files for 'syncfifo_8x31'...
Delivering EJava files for 'syncfifo_8x31'...
Generating implementation netlist for 'syncfifo_8x31'...
INFO:sim - Pre-processing HDL files for 'syncfifo_8x31'...
WARNING:sim - BlackBox generator run option '-ifmt' found multiple times. Only
   the first occurence is considered.
Running synthesis for 'syncfifo_8x31'
Running ngcbuild...
Writing VEO instantiation template for 'syncfifo_8x31'...
Writing Verilog behavioral simulation model for 'syncfifo_8x31'...
WARNING:sim - Overwriting existing file
   D:/github_project/chipwhisperer_scrip/hardware/common/hdl/sakura/coregen/tmp/
   _cg/syncfifo_8x31/doc/fifo_generator_v9_3_vinfo.html with file from view
   xilinx_documentation
Delivered 3 files into directory
D:/github_project/chipwhisperer_scrip/hardware/common/hdl/sakura/coregen/tmp/_cg
/syncfifo_8x31
Delivered 1 file into directory
D:/github_project/chipwhisperer_scrip/hardware/common/hdl/sakura/coregen/tmp/_cg
/syncfifo_8x31
Generating ASY schematic symbol...
INFO:sim:949 - Finished generation of ASY schematic symbol.
Generating SYM schematic symbol for 'syncfifo_8x31'...
Generating metadata file...
Regenerating ISE project file for 'syncfifo_8x31'...
Generating ISE project...
XCO file found: syncfifo_8x31.xco
XMDF file found: syncfifo_8x31_xmdf.tcl
Adding
D:/github_project/chipwhisperer_scrip/hardware/common/hdl/sakura/coregen/tmp/_cg
/syncfifo_8x31.asy -view all -origin_type imported
Adding
D:/github_project/chipwhisperer_scrip/hardware/common/hdl/sakura/coregen/tmp/_cg
/syncfifo_8x31.ngc -view all -origin_type created
Checking file
"D:/github_project/chipwhisperer_scrip/hardware/common/hdl/sakura/coregen/tmp/_c
g/syncfifo_8x31.ngc" for project device match ...
File
"D:/github_project/chipwhisperer_scrip/hardware/common/hdl/sakura/coregen/tmp/_c
g/syncfifo_8x31.ngc" device information matches project device.
Adding
D:/github_project/chipwhisperer_scrip/hardware/common/hdl/sakura/coregen/tmp/_cg
/syncfifo_8x31.sym -view all -origin_type imported
Adding
D:/github_project/chipwhisperer_scrip/hardware/common/hdl/sakura/coregen/tmp/_cg
/syncfifo_8x31.v -view all -origin_type created
INFO:HDLCompiler:1845 - Analyzing Verilog file
   "D:/github_project/chipwhisperer_scrip/hardware/common/hdl/sakura/coregen/tmp
   /_cg/syncfifo_8x31.v" into library work
INFO:ProjectMgmt - Parsing design hierarchy completed successfully.
Adding
D:/github_project/chipwhisperer_scrip/hardware/common/hdl/sakura/coregen/tmp/_cg
/syncfifo_8x31.veo -view all -origin_type imported
INFO:TclTasksC:2116 - The automatic calculation of top has been turned-off.
   Please set the new top explicitly by running the "project set top" command.
   To re-calculate the new top automatically, set the "Auto Implementation Top"
   property to true.
Top level has been set to "/syncfifo_8x31"
Generating README file...
Generating FLIST file...
INFO:sim:948 - Finished FLIST file generation.
Moving files to output directory...
Finished moving files to output directory
Wrote CGP file for project 'syncfifo_8x31'.
